<?xml version="1.0" encoding="UTF-8"?>
<!-- Generated by org.testng.reporters.JUnitXMLReporter -->
<testsuite hostname="DESKTOP-0F8J9IN" ignored="0" name="Login Test" tests="2" failures="1" timestamp="23 Sep 2020 19:12:44 GMT" time="11.852" errors="0">
  <testcase name="verifyLogin" time="1.959" classname="testcases.TC001VerifyLogin"/>
  <testcase name="verifyLogin" time="0.554" classname="testcases.TC001VerifyLogin">
    <failure type="java.lang.AssertionError" message="The following asserts failed:
	expected [Zero - Account Summary] but found [Zero - Log in]">
      <![CDATA[java.lang.AssertionError: The following asserts failed:
expected [Zero - Account Summary] but found [Zero - Log in]
at testcases.TC001VerifyLogin.verifyLogin(TC001VerifyLogin.java:37)
... Removed 26 stack frames]]>
    </failure>
  </testcase> <!-- verifyLogin -->
</testsuite> <!-- Login Test -->
