<?xml version="1.0" encoding="UTF-8"?>
<testng-results skipped="0" failed="1" ignored="0" total="8" passed="7">
  <reporter-output>
  </reporter-output>
  <suite name="Regression" duration-ms="41434" started-at="2020-09-23T18:17:33Z" finished-at="2020-09-23T18:18:15Z">
    <groups>
    </groups>
    <test name="Login Test" duration-ms="12368" started-at="2020-09-23T18:17:33Z" finished-at="2020-09-23T18:17:46Z">
      <class name="testcases.TC001VerifyLogin">
        <test-method status="PASS" signature="initializeDriver()[pri:0, instance:testcases.TC001VerifyLogin@333291e3]" name="initializeDriver" is-config="true" duration-ms="7583" started-at="2020-09-23T18:17:33Z" finished-at="2020-09-23T18:17:41Z">
          <reporter-output>
          </reporter-output>
        </test-method> <!-- initializeDriver -->
        <test-method status="PASS" signature="verifyLogin(java.lang.String, java.lang.String)[pri:0, instance:testcases.TC001VerifyLogin@333291e3]" name="verifyLogin" duration-ms="1667" started-at="2020-09-23T18:17:42Z" data-provider="loginData" finished-at="2020-09-23T18:17:43Z">
          <params>
            <param index="0">
              <value>
                <![CDATA[username]]>
              </value>
            </param>
            <param index="1">
              <value>
                <![CDATA[password]]>
              </value>
            </param>
          </params>
          <reporter-output>
          </reporter-output>
        </test-method> <!-- verifyLogin -->
        <test-method status="FAIL" signature="verifyLogin(java.lang.String, java.lang.String)[pri:0, instance:testcases.TC001VerifyLogin@333291e3]" name="verifyLogin" duration-ms="595" started-at="2020-09-23T18:17:43Z" data-provider="loginData" finished-at="2020-09-23T18:17:44Z">
          <params>
            <param index="0">
              <value>
                <![CDATA[Aman]]>
              </value>
            </param>
            <param index="1">
              <value>
                <![CDATA[noPass]]>
              </value>
            </param>
          </params>
          <exception class="java.lang.AssertionError">
            <message>
              <![CDATA[The following asserts failed:
expected [Zero - Account Summary] but found [Zero - Log in]]]>
            </message>
            <full-stacktrace>
              <![CDATA[java.lang.AssertionError: The following asserts failed:
expected [Zero - Account Summary] but found [Zero - Log in]
at org.testng.asserts.SoftAssert.assertAll(SoftAssert.java:43)
at testcases.TC001VerifyLogin.verifyLogin(TC001VerifyLogin.java:37)
at sun.reflect.NativeMethodAccessorImpl.invoke0(Native Method)
at sun.reflect.NativeMethodAccessorImpl.invoke(NativeMethodAccessorImpl.java:62)
at sun.reflect.DelegatingMethodAccessorImpl.invoke(DelegatingMethodAccessorImpl.java:43)
at java.lang.reflect.Method.invoke(Method.java:498)
at org.testng.internal.MethodInvocationHelper.invokeMethod(MethodInvocationHelper.java:124)
at org.testng.internal.Invoker.invokeMethod(Invoker.java:583)
at org.testng.internal.Invoker.invokeTestMethod(Invoker.java:719)
at org.testng.internal.Invoker.invokeTestMethods(Invoker.java:989)
at org.testng.internal.TestMethodWorker.invokeTestMethods(TestMethodWorker.java:125)
at org.testng.internal.TestMethodWorker.run(TestMethodWorker.java:109)
at org.testng.TestRunner.privateRun(TestRunner.java:648)
at org.testng.TestRunner.run(TestRunner.java:505)
at org.testng.SuiteRunner.runTest(SuiteRunner.java:455)
at org.testng.SuiteRunner.runSequentially(SuiteRunner.java:450)
at org.testng.SuiteRunner.privateRun(SuiteRunner.java:415)
at org.testng.SuiteRunner.run(SuiteRunner.java:364)
at org.testng.SuiteRunnerWorker.runSuite(SuiteRunnerWorker.java:52)
at org.testng.SuiteRunnerWorker.run(SuiteRunnerWorker.java:84)
at org.testng.TestNG.runSuitesSequentially(TestNG.java:1208)
at org.testng.TestNG.runSuitesLocally(TestNG.java:1137)
at org.testng.TestNG.runSuites(TestNG.java:1049)
at org.testng.TestNG.run(TestNG.java:1017)
at org.apache.maven.surefire.testng.TestNGExecutor.run(TestNGExecutor.java:284)
at org.apache.maven.surefire.testng.TestNGXmlTestSuite.execute(TestNGXmlTestSuite.java:75)
at org.apache.maven.surefire.testng.TestNGProvider.invoke(TestNGProvider.java:119)
at org.apache.maven.surefire.booter.ForkedBooter.runSuitesInProcess(ForkedBooter.java:428)
at org.apache.maven.surefire.booter.ForkedBooter.execute(ForkedBooter.java:162)
at org.apache.maven.surefire.booter.ForkedBooter.run(ForkedBooter.java:562)
at org.apache.maven.surefire.booter.ForkedBooter.main(ForkedBooter.java:548)
]]>
            </full-stacktrace>
          </exception> <!-- java.lang.AssertionError -->
          <reporter-output>
          </reporter-output>
        </test-method> <!-- verifyLogin -->
        <test-method status="PASS" signature="tearDown()[pri:0, instance:testcases.TC001VerifyLogin@333291e3]" name="tearDown" is-config="true" duration-ms="1098" started-at="2020-09-23T18:17:44Z" finished-at="2020-09-23T18:17:46Z">
          <reporter-output>
          </reporter-output>
        </test-method> <!-- tearDown -->
      </class> <!-- testcases.TC001VerifyLogin -->
    </test> <!-- Login Test -->
    <test name="Add Payee Test" duration-ms="14784" started-at="2020-09-23T18:17:46Z" finished-at="2020-09-23T18:18:00Z">
      <class name="testcases.TC002VerifyAddPayee">
        <test-method status="PASS" signature="initializeDriver()[pri:0, instance:testcases.TC002VerifyAddPayee@3bb9a3ff]" name="initializeDriver" is-config="true" duration-ms="6442" started-at="2020-09-23T18:17:46Z" finished-at="2020-09-23T18:17:52Z">
          <reporter-output>
          </reporter-output>
        </test-method> <!-- initializeDriver -->
        <test-method status="PASS" signature="verifyAddPayee(java.lang.String, java.lang.String, java.lang.String, java.lang.String)[pri:0, instance:testcases.TC002VerifyAddPayee@3bb9a3ff]" name="verifyAddPayee" duration-ms="2717" started-at="2020-09-23T18:17:52Z" data-provider="AddPayeeData" finished-at="2020-09-23T18:17:55Z">
          <params>
            <param index="0">
              <value>
                <![CDATA[HydroOne]]>
              </value>
            </param>
            <param index="1">
              <value>
                <![CDATA[1234 Steeles Ave., Mississauga, ON]]>
              </value>
            </param>
            <param index="2">
              <value>
                <![CDATA[12341234]]>
              </value>
            </param>
            <param index="3">
              <value>
                <![CDATA[Utilities]]>
              </value>
            </param>
          </params>
          <reporter-output>
          </reporter-output>
        </test-method> <!-- verifyAddPayee -->
        <test-method status="PASS" signature="verifyAddPayee(java.lang.String, java.lang.String, java.lang.String, java.lang.String)[pri:0, instance:testcases.TC002VerifyAddPayee@3bb9a3ff]" name="verifyAddPayee" duration-ms="2324" started-at="2020-09-23T18:17:55Z" data-provider="AddPayeeData" finished-at="2020-09-23T18:17:57Z">
          <params>
            <param index="0">
              <value>
                <![CDATA[ScotiaBank Visa]]>
              </value>
            </param>
            <param index="1">
              <value>
                <![CDATA[4321 Rutherford, Brampton, ON]]>
              </value>
            </param>
            <param index="2">
              <value>
                <![CDATA[43214321]]>
              </value>
            </param>
            <param index="3">
              <value>
                <![CDATA[Credit Card]]>
              </value>
            </param>
          </params>
          <reporter-output>
          </reporter-output>
        </test-method> <!-- verifyAddPayee -->
        <test-method status="PASS" signature="verifyAddPayee(java.lang.String, java.lang.String, java.lang.String, java.lang.String)[pri:0, instance:testcases.TC002VerifyAddPayee@3bb9a3ff]" name="verifyAddPayee" duration-ms="2355" started-at="2020-09-23T18:17:57Z" data-provider="AddPayeeData" finished-at="2020-09-23T18:18:00Z">
          <params>
            <param index="0">
              <value>
                <![CDATA[Wawansa]]>
              </value>
            </param>
            <param index="1">
              <value>
                <![CDATA[5433 SoAndSo Strt, ON]]>
              </value>
            </param>
            <param index="2">
              <value>
                <![CDATA[98769876]]>
              </value>
            </param>
            <param index="3">
              <value>
                <![CDATA[Insurance Provider]]>
              </value>
            </param>
          </params>
          <reporter-output>
          </reporter-output>
        </test-method> <!-- verifyAddPayee -->
        <test-method status="PASS" signature="tearDown()[pri:0, instance:testcases.TC002VerifyAddPayee@3bb9a3ff]" name="tearDown" is-config="true" duration-ms="859" started-at="2020-09-23T18:18:00Z" finished-at="2020-09-23T18:18:00Z">
          <reporter-output>
          </reporter-output>
        </test-method> <!-- tearDown -->
      </class> <!-- testcases.TC002VerifyAddPayee -->
    </test> <!-- Add Payee Test -->
    <test name="Transfer funds Test" duration-ms="14238" started-at="2020-09-23T18:18:00Z" finished-at="2020-09-23T18:18:15Z">
      <class name="testcases.TC003VerifyTransferFunds">
        <test-method status="PASS" signature="initializeDriver()[pri:0, instance:testcases.TC003VerifyTransferFunds@4567f35d]" name="initializeDriver" is-config="true" duration-ms="6177" started-at="2020-09-23T18:18:00Z" finished-at="2020-09-23T18:18:07Z">
          <reporter-output>
          </reporter-output>
        </test-method> <!-- initializeDriver -->
        <test-method status="PASS" signature="verifyTransferFunds(java.lang.String, java.lang.String, java.lang.String, java.lang.String)[pri:0, instance:testcases.TC003VerifyTransferFunds@4567f35d]" name="verifyTransferFunds" duration-ms="2857" started-at="2020-09-23T18:18:07Z" data-provider="verifyTransferFundsData" finished-at="2020-09-23T18:18:10Z">
          <params>
            <param index="0">
              <value>
                <![CDATA[1]]>
              </value>
            </param>
            <param index="1">
              <value>
                <![CDATA[2]]>
              </value>
            </param>
            <param index="2">
              <value>
                <![CDATA[100]]>
              </value>
            </param>
            <param index="3">
              <value>
                <![CDATA[misc1]]>
              </value>
            </param>
          </params>
          <reporter-output>
          </reporter-output>
        </test-method> <!-- verifyTransferFunds -->
        <test-method status="PASS" signature="verifyTransferFunds(java.lang.String, java.lang.String, java.lang.String, java.lang.String)[pri:0, instance:testcases.TC003VerifyTransferFunds@4567f35d]" name="verifyTransferFunds" duration-ms="2115" started-at="2020-09-23T18:18:10Z" data-provider="verifyTransferFundsData" finished-at="2020-09-23T18:18:12Z">
          <params>
            <param index="0">
              <value>
                <![CDATA[2]]>
              </value>
            </param>
            <param index="1">
              <value>
                <![CDATA[1]]>
              </value>
            </param>
            <param index="2">
              <value>
                <![CDATA[200]]>
              </value>
            </param>
            <param index="3">
              <value>
                <![CDATA[misc2]]>
              </value>
            </param>
          </params>
          <reporter-output>
          </reporter-output>
        </test-method> <!-- verifyTransferFunds -->
        <test-method status="PASS" signature="verifyTransferFunds(java.lang.String, java.lang.String, java.lang.String, java.lang.String)[pri:0, instance:testcases.TC003VerifyTransferFunds@4567f35d]" name="verifyTransferFunds" duration-ms="2168" started-at="2020-09-23T18:18:12Z" data-provider="verifyTransferFundsData" finished-at="2020-09-23T18:18:14Z">
          <params>
            <param index="0">
              <value>
                <![CDATA[1]]>
              </value>
            </param>
            <param index="1">
              <value>
                <![CDATA[2]]>
              </value>
            </param>
            <param index="2">
              <value>
                <![CDATA[100]]>
              </value>
            </param>
            <param index="3">
              <value>
                <![CDATA[misc3]]>
              </value>
            </param>
          </params>
          <reporter-output>
          </reporter-output>
        </test-method> <!-- verifyTransferFunds -->
        <test-method status="PASS" signature="tearDown()[pri:0, instance:testcases.TC003VerifyTransferFunds@4567f35d]" name="tearDown" is-config="true" duration-ms="855" started-at="2020-09-23T18:18:14Z" finished-at="2020-09-23T18:18:15Z">
          <reporter-output>
          </reporter-output>
        </test-method> <!-- tearDown -->
      </class> <!-- testcases.TC003VerifyTransferFunds -->
    </test> <!-- Transfer funds Test -->
  </suite> <!-- Regression -->
</testng-results>
